0 info it worked if it ends with ok
1 verbose cli [ '/usr/local/bin/node', '/usr/local/bin/npm', 'publish' ]
2 info using npm@3.3.9
3 info using node@v5.0.0
4 verbose publish [ '.' ]
5 silly cache add args [ '.', null ]
6 verbose cache add spec .
7 silly cache add parsed spec Result {
7 silly cache add   raw: '.',
7 silly cache add   scope: null,
7 silly cache add   name: null,
7 silly cache add   rawSpec: '.',
7 silly cache add   spec: '/Users/staging/Desktop/web_/nodejs/npm/url-string-api',
7 silly cache add   type: 'directory' }
8 verbose addLocalDirectory /Users/staging/.npm/url-string-api/1.0.1/package.tgz not in flight; packing
9 info lifecycle url-string-api@1.0.1~prepublish: url-string-api@1.0.1
10 silly lifecycle url-string-api@1.0.1~prepublish: no script for prepublish, continuing
11 verbose tar pack [ '/Users/staging/.npm/url-string-api/1.0.1/package.tgz',
11 verbose tar pack   '/Users/staging/Desktop/web_/nodejs/npm/url-string-api' ]
12 verbose tarball /Users/staging/.npm/url-string-api/1.0.1/package.tgz
13 verbose folder /Users/staging/Desktop/web_/nodejs/npm/url-string-api
14 verbose addLocalTarball adding from inside cache /Users/staging/.npm/url-string-api/1.0.1/package.tgz
15 silly cache afterAdd url-string-api@1.0.1
16 verbose afterAdd /Users/staging/.npm/url-string-api/1.0.1/package/package.json not in flight; writing
17 verbose afterAdd /Users/staging/.npm/url-string-api/1.0.1/package/package.json written
18 silly publish { name: 'url-string-api',
18 silly publish   version: '1.0.1',
18 silly publish   description: 'A parsing url and file purpose tool',
18 silly publish   main: 'index.js',
18 silly publish   scripts: { test: 'echo "Error: no test specified" && exit 1' },
18 silly publish   author: { name: 'Peter Chang', email: 'wahengchang@gmail.com' },
18 silly publish   license: 'ISC',
18 silly publish   dependencies: { underscore: '^1.8.3' },
18 silly publish   devDependencies: {},
18 silly publish   repository:
18 silly publish    { type: 'git',
18 silly publish      url: 'git+https://github.com/wahengchang/url-string-api.git' },
18 silly publish   keywords:
18 silly publish    [ 'url',
18 silly publish      'string',
18 silly publish      'file',
18 silly publish      'extension',
18 silly publish      'tool',
18 silly publish      'words',
18 silly publish      'timestamp' ],
18 silly publish   bugs: { url: 'https://github.com/wahengchang/url-string-api/issues' },
18 silly publish   homepage: 'https://github.com/wahengchang/url-string-api#readme',
18 silly publish   readme: '# url-string-api \nA parsing url and file purpose tool\n\n\n## Install\n\n```javascript\n$ npm install -g url-string-api \n\n```\n\n\n## Usage\n\n```javascript\n\nvar stringTOOL = require(\'url-string-api\')\n\nstringTOOL.validateEmail("abc@abc.com") //return ture\nstringTOOL.urlFileName("/path/to/file.jpg")  //return file.jpg\nstringTOOL.urlGetPath("/path/to/file.jpg")  // return /path/to\nstringTOOL.removeString("abcdefg","cd")   // return abefg\nstringTOOL.removeSpace("a b c")  // return abc\nstringTOOL.removeFileExtension("file.jpg")  //return file\nstringTOOL.getFileExtension("file.jpg") \t//return jpg\nstringTOOL.stringToArray("[\'abc\',\'123\']")  return [\'abc\',\'123\']\nstringTOOL.timestamp()  return 2334234324234\nstringTOOL.stringFilter("abc._@^&#%$&")  // return abc._\nstringTOOL.onlyCharNum("abc@^&#%$&")  //return abc\nstringTOOL.valiFileName("/path/to/file.jpg")  //return /path/to/14234324.jpg\n\n```\n\n\n## License\n\n\n[MIT](http://vjpr.mit-license.org)',
18 silly publish   readmeFilename: 'README.md',
18 silly publish   gitHead: '713ce0f6b93615183cd251863d963a939b8250d2',
18 silly publish   _id: 'url-string-api@1.0.1',
18 silly publish   _shasum: '7e49bd53e77f4a14d7262dcc1d04dc47ca13d785',
18 silly publish   _from: '.' }
19 verbose getPublishConfig undefined
20 silly mapToRegistry name url-string-api
21 silly mapToRegistry using default registry
22 silly mapToRegistry registry https://registry.npmjs.org/
23 silly mapToRegistry uri https://registry.npmjs.org/url-string-api
24 verbose publish registryBase https://registry.npmjs.org/
25 silly publish uploading /Users/staging/.npm/url-string-api/1.0.1/package.tgz
26 verbose request uri https://registry.npmjs.org/url-string-api
27 verbose request sending authorization for write operation
28 info attempt registry request try #1 at 1:10:14 AM
29 verbose request using bearer token for auth
30 verbose request id 067182fcc8cbdf4b
31 http request PUT https://registry.npmjs.org/url-string-api
32 http 403 https://registry.npmjs.org/url-string-api
33 verbose headers { 'content-type': 'application/json',
33 verbose headers   'cache-control': 'max-age=300',
33 verbose headers   'content-length': '95',
33 verbose headers   'accept-ranges': 'bytes',
33 verbose headers   date: 'Fri, 01 Jul 2016 17:10:15 GMT',
33 verbose headers   via: '1.1 varnish',
33 verbose headers   connection: 'keep-alive',
33 verbose headers   'x-served-by': 'cache-itm7421-ITM',
33 verbose headers   'x-cache': 'MISS',
33 verbose headers   'x-cache-hits': '0',
33 verbose headers   'x-timer': 'S1467393014.733194,VS0,VE537',
33 verbose headers   vary: 'Accept-Encoding' }
34 verbose request invalidating /Users/staging/.npm/registry.npmjs.org/url-string-api on PUT
35 error publish Failed PUT 403
36 verbose stack Error: "You cannot publish over the previously published version 1.0.1." : url-string-api
36 verbose stack     at makeError (/usr/local/lib/node_modules/npm/node_modules/npm-registry-client/lib/request.js:264:12)
36 verbose stack     at CachingRegistryClient.<anonymous> (/usr/local/lib/node_modules/npm/node_modules/npm-registry-client/lib/request.js:252:14)
36 verbose stack     at Request._callback (/usr/local/lib/node_modules/npm/node_modules/npm-registry-client/lib/request.js:172:14)
36 verbose stack     at Request.self.callback (/usr/local/lib/node_modules/npm/node_modules/request/request.js:198:22)
36 verbose stack     at emitTwo (events.js:87:13)
36 verbose stack     at Request.emit (events.js:172:7)
36 verbose stack     at Request.<anonymous> (/usr/local/lib/node_modules/npm/node_modules/request/request.js:1082:10)
36 verbose stack     at emitOne (events.js:82:20)
36 verbose stack     at Request.emit (events.js:169:7)
36 verbose stack     at IncomingMessage.<anonymous> (/usr/local/lib/node_modules/npm/node_modules/request/request.js:1009:12)
37 verbose statusCode 403
38 verbose pkgid url-string-api
39 verbose cwd /Users/staging/Desktop/web_/nodejs/npm/url-string-api
40 error Darwin 14.5.0
41 error argv "/usr/local/bin/node" "/usr/local/bin/npm" "publish"
42 error node v5.0.0
43 error npm  v3.3.9
44 error code E403
45 error "You cannot publish over the previously published version 1.0.1." : url-string-api
46 error If you need help, you may report this error at:
46 error     <https://github.com/npm/npm/issues>
47 verbose exit [ 1, true ]
